[07:39:55.114] [INFO] storybook v10.3.5
[07:39:55.229] [ERROR] [38;2;241;97;97mSB_CORE-SERVER_0007 (MainFileEvaluationError): Storybook couldn't evaluate your [33m.storybook/main.ts[39m file.

Original error:
[37mError [ERR_MODULE_NOT_FOUND]: Cannot find package 'deepcolor-core' imported from /.storybook/main.ts
    at Object.getPackageJSONURL (node:internal/modules/package_json_reader:301:9)
    at packageResolve (node:internal/modules/esm/resolve:769:81)
    at moduleResolve (node:internal/modules/esm/resolve:860:18)
    at defaultResolve (node:internal/modules/esm/resolve:992:11)
    at nextResolve (node:internal/modules/esm/hooks:785:28)
    at AsyncLoaderHooksOnLoaderHookWorker.resolve (node:internal/modules/esm/hooks:269:30)
    at MessagePort.handleMessage (node:internal/modules/esm/worker:251:24)
    at [nodejs.internal.kHybridDispatch] (node:internal/event_target:843:20)
    at MessagePort.<anonymous> (node:internal/per_context/messageport:23:28)[39m[39m
    at loadMainConfig (file:///home/matcha/projects/deepcolor/node_modules/storybook/dist/_node-chunks/chunk-GOY6UMCB.js:11712:11)
    at async buildDevStandalone (file:///home/matcha/projects/deepcolor/node_modules/storybook/dist/core-server/index.js:7953:16)
    at async withTelemetry (file:///home/matcha/projects/deepcolor/node_modules/storybook/dist/_node-chunks/chunk-FIR43JGQ.js:225:12)
    at async dev (file:///home/matcha/projects/deepcolor/node_modules/storybook/dist/bin/core.js:2736:3)
    at async _Command.<anonymous> (file:///home/matcha/projects/deepcolor/node_modules/storybook/dist/bin/core.js:2806:92)
[07:39:55.232] [WARN] Broken build, fix the error above.
You may need to refresh the browser.
[07:39:55.238] [WARN]   Failed to load preset: "/home/matcha/projects/deepcolor/packages/deepcolor-ui/.storybook/main.ts"
[07:39:55.238] [ERROR] Error [ERR_MODULE_NOT_FOUND]: Cannot find package 'deepcolor-core' imported from ./.storybook/main.ts
    at Object.getPackageJSONURL (node:internal/modules/package_json_reader:301:9)
    at packageResolve (node:internal/modules/esm/resolve:769:81)
    at moduleResolve (node:internal/modules/esm/resolve:860:18)
    at defaultResolve (node:internal/modules/esm/resolve:992:11)
    at nextResolve (node:internal/modules/esm/hooks:785:28)
    at AsyncLoaderHooksOnLoaderHookWorker.resolve (node:internal/modules/esm/hooks:269:30)
    at MessagePort.handleMessage (node:internal/modules/esm/worker:251:24)
    at [nodejs.internal.kHybridDispatch] (node:internal/event_target:843:20)
    at MessagePort.<anonymous> (node:internal/per_context/messageport:23:28)